[0.597s] DEBUG:colcon:Command line arguments: ['/usr/bin/colcon', 'build']
[0.597s] DEBUG:colcon:Parsed command line arguments: Namespace(log_base=None, log_level=None, verb_name='build', build_base='build', install_base='install', merge_install=False, symlink_install=False, test_result_base=None, continue_on_error=False, executor='parallel', parallel_workers=6, event_handlers=None, ignore_user_meta=False, metas=['./colcon.meta'], base_paths=['.'], packages_ignore=None, packages_ignore_regex=None, paths=None, packages_up_to=None, packages_up_to_regex=None, packages_above=None, packages_above_and_dependencies=None, packages_above_depth=None, packages_select_by_dep=None, packages_skip_by_dep=None, packages_skip_up_to=None, packages_select_build_failed=False, packages_skip_build_finished=False, packages_select_test_failures=False, packages_skip_test_passed=False, packages_select=None, packages_skip=None, packages_select_regex=None, packages_skip_regex=None, packages_start=None, packages_end=None, allow_overriding=[], cmake_args=None, cmake_target=None, cmake_target_skip_unavailable=False, cmake_clean_cache=False, cmake_clean_first=False, cmake_force_configure=False, ament_cmake_args=None, catkin_cmake_args=None, catkin_skip_building_tests=False, verb_parser=<colcon_defaults.argument_parser.defaults.DefaultArgumentsDecorator object at 0xffff936bb190>, verb_extension=<colcon_core.verb.build.BuildVerb object at 0xffff936bac50>, main=<bound method BuildVerb.main of <colcon_core.verb.build.BuildVerb object at 0xffff936bac50>>)
[1.344s] Level 1:colcon.colcon_core.package_discovery:discover_packages(colcon_meta) check parameters
[1.345s] Level 1:colcon.colcon_core.package_discovery:discover_packages(recursive) check parameters
[1.345s] Level 1:colcon.colcon_core.package_discovery:discover_packages(ignore) check parameters
[1.345s] Level 1:colcon.colcon_core.package_discovery:discover_packages(path) check parameters
[1.345s] Level 1:colcon.colcon_core.package_discovery:discover_packages(colcon_meta) discover
[1.345s] Level 1:colcon.colcon_core.package_discovery:discover_packages(recursive) discover
[1.346s] INFO:colcon.colcon_core.package_discovery:Crawling recursively for packages in '/home/kids/ros2_jetbot_tools'
[1.346s] Level 1:colcon.colcon_core.package_identification:_identify(.) by extensions ['ignore', 'ignore_ament_install']
[1.346s] Level 1:colcon.colcon_core.package_identification:_identify(.) by extension 'ignore'
[1.346s] Level 1:colcon.colcon_core.package_identification:_identify(.) by extension 'ignore_ament_install'
[1.347s] Level 1:colcon.colcon_core.package_identification:_identify(.) by extensions ['colcon_pkg']
[1.347s] Level 1:colcon.colcon_core.package_identification:_identify(.) by extension 'colcon_pkg'
[1.347s] Level 1:colcon.colcon_core.package_identification:_identify(.) by extensions ['colcon_meta']
[1.347s] Level 1:colcon.colcon_core.package_identification:_identify(.) by extension 'colcon_meta'
[1.347s] Level 1:colcon.colcon_core.package_identification:_identify(.) by extensions ['ros']
[1.347s] Level 1:colcon.colcon_core.package_identification:_identify(.) by extension 'ros'
[1.439s] DEBUG:colcon.colcon_core.package_identification:Package '.' with type 'ros.ament_python' and name 'jetbot_tools'
[1.439s] Level 1:colcon.colcon_core.package_discovery:discover_packages(recursive) using defaults
[1.440s] Level 1:colcon.colcon_core.package_discovery:discover_packages(ignore) discover
[1.440s] Level 1:colcon.colcon_core.package_discovery:discover_packages(ignore) using defaults
[1.440s] Level 1:colcon.colcon_core.package_discovery:discover_packages(path) discover
[1.440s] Level 1:colcon.colcon_core.package_discovery:discover_packages(path) using defaults
[1.538s] Level 1:colcon.colcon_core.package_discovery:discover_packages(prefix_path) check parameters
[1.538s] Level 1:colcon.colcon_core.package_discovery:discover_packages(prefix_path) discover
[1.544s] Level 1:colcon.colcon_core.package_discovery:discover_packages(prefix_path) using defaults
[1.549s] Level 5:colcon.colcon_core.verb:set package 'jetbot_tools' build argument 'cmake_args' from command line to 'None'
[1.549s] Level 5:colcon.colcon_core.verb:set package 'jetbot_tools' build argument 'cmake_target' from command line to 'None'
[1.549s] Level 5:colcon.colcon_core.verb:set package 'jetbot_tools' build argument 'cmake_target_skip_unavailable' from command line to 'False'
[1.550s] Level 5:colcon.colcon_core.verb:set package 'jetbot_tools' build argument 'cmake_clean_cache' from command line to 'False'
[1.550s] Level 5:colcon.colcon_core.verb:set package 'jetbot_tools' build argument 'cmake_clean_first' from command line to 'False'
[1.550s] Level 5:colcon.colcon_core.verb:set package 'jetbot_tools' build argument 'cmake_force_configure' from command line to 'False'
[1.550s] Level 5:colcon.colcon_core.verb:set package 'jetbot_tools' build argument 'ament_cmake_args' from command line to 'None'
[1.550s] Level 5:colcon.colcon_core.verb:set package 'jetbot_tools' build argument 'catkin_cmake_args' from command line to 'None'
[1.550s] Level 5:colcon.colcon_core.verb:set package 'jetbot_tools' build argument 'catkin_skip_building_tests' from command line to 'False'
[1.550s] DEBUG:colcon.colcon_core.verb:Building package 'jetbot_tools' with the following arguments: {'ament_cmake_args': None, 'build_base': '/home/kids/ros2_jetbot_tools/build/jetbot_tools', 'catkin_cmake_args': None, 'catkin_skip_building_tests': False, 'cmake_args': None, 'cmake_clean_cache': False, 'cmake_clean_first': False, 'cmake_force_configure': False, 'cmake_target': None, 'cmake_target_skip_unavailable': False, 'install_base': '/home/kids/ros2_jetbot_tools/install/jetbot_tools', 'merge_install': False, 'path': '/home/kids/ros2_jetbot_tools', 'symlink_install': False, 'test_result_base': None}
[1.550s] INFO:colcon.colcon_core.executor:Executing jobs using 'parallel' executor
[1.553s] DEBUG:colcon.colcon_parallel_executor.executor.parallel:run_until_complete
[1.554s] INFO:colcon.colcon_ros.task.ament_python.build:Building ROS package in '/home/kids/ros2_jetbot_tools' with build type 'ament_python'
[1.554s] Level 1:colcon.colcon_core.shell:create_environment_hook('jetbot_tools', 'ament_prefix_path')
[1.571s] INFO:colcon.colcon_core.plugin_system:Skipping extension 'colcon_core.shell.bat': Not used on non-Windows systems
[1.572s] INFO:colcon.colcon_core.shell:Creating environment hook '/home/kids/ros2_jetbot_tools/install/jetbot_tools/share/jetbot_tools/hook/ament_prefix_path.ps1'
[1.577s] INFO:colcon.colcon_core.shell:Creating environment descriptor '/home/kids/ros2_jetbot_tools/install/jetbot_tools/share/jetbot_tools/hook/ament_prefix_path.dsv'
[1.583s] INFO:colcon.colcon_core.shell:Creating environment hook '/home/kids/ros2_jetbot_tools/install/jetbot_tools/share/jetbot_tools/hook/ament_prefix_path.sh'
[1.591s] INFO:colcon.colcon_core.shell:Skip shell extension 'powershell' for command environment: Not usable outside of PowerShell
[1.591s] DEBUG:colcon.colcon_core.shell:Skip shell extension 'dsv' for command environment
[2.029s] INFO:colcon.colcon_core.task.python.build:Building Python package in '/home/kids/ros2_jetbot_tools'
[2.031s] INFO:colcon.colcon_core.shell:Skip shell extension 'powershell' for command environment: Not usable outside of PowerShell
[2.031s] DEBUG:colcon.colcon_core.shell:Skip shell extension 'dsv' for command environment
[2.892s] DEBUG:colcon.colcon_core.event_handler.log_command:Invoking command in '/home/kids/ros2_jetbot_tools': PYTHONPATH=/home/kids/ros2_jetbot_tools/build/jetbot_tools/prefix_override:/usr/lib/python3/dist-packages/colcon_core/task/python/colcon_distutils_commands:/home/kids/ros2_jetbot_tools/install/jetbot_tools/lib/python3.10/site-packages: /usr/bin/python3 -W ignore:setup.py install is deprecated -W ignore:easy_install command is deprecated setup.py egg_info --egg-base build/jetbot_tools build --build-base /home/kids/ros2_jetbot_tools/build/jetbot_tools/build install --record /home/kids/ros2_jetbot_tools/build/jetbot_tools/install.log --single-version-externally-managed install_data
[3.398s] DEBUG:colcon.colcon_core.event_handler.log_command:Invoked command in '/home/kids/ros2_jetbot_tools' returned '0': PYTHONPATH=/home/kids/ros2_jetbot_tools/build/jetbot_tools/prefix_override:/usr/lib/python3/dist-packages/colcon_core/task/python/colcon_distutils_commands:/home/kids/ros2_jetbot_tools/install/jetbot_tools/lib/python3.10/site-packages: /usr/bin/python3 -W ignore:setup.py install is deprecated -W ignore:easy_install command is deprecated setup.py egg_info --egg-base build/jetbot_tools build --build-base /home/kids/ros2_jetbot_tools/build/jetbot_tools/build install --record /home/kids/ros2_jetbot_tools/build/jetbot_tools/install.log --single-version-externally-managed install_data
[3.423s] Level 1:colcon.colcon_core.environment:checking '/home/kids/ros2_jetbot_tools/install/jetbot_tools' for CMake module files
[3.425s] Level 1:colcon.colcon_core.environment:checking '/home/kids/ros2_jetbot_tools/install/jetbot_tools' for CMake config files
[3.430s] Level 1:colcon.colcon_core.environment:checking '/home/kids/ros2_jetbot_tools/install/jetbot_tools/lib'
[3.431s] Level 1:colcon.colcon_core.environment:checking '/home/kids/ros2_jetbot_tools/install/jetbot_tools/bin'
[3.431s] Level 1:colcon.colcon_core.environment:checking '/home/kids/ros2_jetbot_tools/install/jetbot_tools/lib/pkgconfig/jetbot_tools.pc'
[3.432s] Level 1:colcon.colcon_core.environment:checking '/home/kids/ros2_jetbot_tools/install/jetbot_tools/lib/python3.10/site-packages'
[3.432s] Level 1:colcon.colcon_core.shell:create_environment_hook('jetbot_tools', 'pythonpath')
[3.433s] INFO:colcon.colcon_core.shell:Creating environment hook '/home/kids/ros2_jetbot_tools/install/jetbot_tools/share/jetbot_tools/hook/pythonpath.ps1'
[3.435s] INFO:colcon.colcon_core.shell:Creating environment descriptor '/home/kids/ros2_jetbot_tools/install/jetbot_tools/share/jetbot_tools/hook/pythonpath.dsv'
[3.436s] INFO:colcon.colcon_core.shell:Creating environment hook '/home/kids/ros2_jetbot_tools/install/jetbot_tools/share/jetbot_tools/hook/pythonpath.sh'
[3.438s] Level 1:colcon.colcon_core.environment:checking '/home/kids/ros2_jetbot_tools/install/jetbot_tools/bin'
[3.439s] Level 1:colcon.colcon_core.environment:create_environment_scripts_only(jetbot_tools)
[3.440s] INFO:colcon.colcon_core.shell:Creating package script '/home/kids/ros2_jetbot_tools/install/jetbot_tools/share/jetbot_tools/package.ps1'
[3.452s] INFO:colcon.colcon_core.shell:Creating package descriptor '/home/kids/ros2_jetbot_tools/install/jetbot_tools/share/jetbot_tools/package.dsv'
[3.457s] INFO:colcon.colcon_core.shell:Creating package script '/home/kids/ros2_jetbot_tools/install/jetbot_tools/share/jetbot_tools/package.sh'
[3.463s] INFO:colcon.colcon_core.shell:Creating package script '/home/kids/ros2_jetbot_tools/install/jetbot_tools/share/jetbot_tools/package.bash'
[3.469s] INFO:colcon.colcon_core.shell:Creating package script '/home/kids/ros2_jetbot_tools/install/jetbot_tools/share/jetbot_tools/package.zsh'
[3.475s] Level 1:colcon.colcon_core.environment:create_file_with_runtime_dependencies(/home/kids/ros2_jetbot_tools/install/jetbot_tools/share/colcon-core/packages/jetbot_tools)
[3.477s] DEBUG:colcon.colcon_parallel_executor.executor.parallel:closing loop
[3.478s] DEBUG:colcon.colcon_parallel_executor.executor.parallel:loop closed
[3.478s] DEBUG:colcon.colcon_parallel_executor.executor.parallel:run_until_complete finished with '0'
[3.478s] DEBUG:colcon.colcon_core.event_reactor:joining thread
[3.501s] INFO:colcon.colcon_core.plugin_system:Skipping extension 'colcon_notification.desktop_notification.terminal_notifier': Not used on non-Darwin systems
[3.501s] INFO:colcon.colcon_core.plugin_system:Skipping extension 'colcon_notification.desktop_notification.win32': Not used on non-Windows systems
[3.501s] INFO:colcon.colcon_notification.desktop_notification:Sending desktop notification using 'notify2'
[3.564s] DEBUG:colcon.colcon_core.event_reactor:joined thread
[3.565s] INFO:colcon.colcon_core.shell:Creating prefix script '/home/kids/ros2_jetbot_tools/install/local_setup.ps1'
[3.569s] INFO:colcon.colcon_core.shell:Creating prefix util module '/home/kids/ros2_jetbot_tools/install/_local_setup_util_ps1.py'
[3.577s] INFO:colcon.colcon_core.shell:Creating prefix chain script '/home/kids/ros2_jetbot_tools/install/setup.ps1'
[3.582s] INFO:colcon.colcon_core.shell:Creating prefix script '/home/kids/ros2_jetbot_tools/install/local_setup.sh'
[3.588s] INFO:colcon.colcon_core.shell:Creating prefix util module '/home/kids/ros2_jetbot_tools/install/_local_setup_util_sh.py'
[3.589s] INFO:colcon.colcon_core.shell:Creating prefix chain script '/home/kids/ros2_jetbot_tools/install/setup.sh'
[3.598s] INFO:colcon.colcon_core.shell:Creating prefix script '/home/kids/ros2_jetbot_tools/install/local_setup.bash'
[3.604s] INFO:colcon.colcon_core.shell:Creating prefix chain script '/home/kids/ros2_jetbot_tools/install/setup.bash'
[3.610s] INFO:colcon.colcon_core.shell:Creating prefix script '/home/kids/ros2_jetbot_tools/install/local_setup.zsh'
[3.617s] INFO:colcon.colcon_core.shell:Creating prefix chain script '/home/kids/ros2_jetbot_tools/install/setup.zsh'
